2026-02-26 09:38:08,609 [INFO] Logging to /Users/zeeshawnh/College/GuoResearch/AMS_CVD/outputs/LightweightConvFcClassifier_20260226_093808/training.log
2026-02-26 09:38:08,609 [INFO] Arguments: {'data_root': '/Users/zeeshawnh/College/GuoResearch/Transformer/data/physionet.org/files/challenge-2021/1.0.3/training', 'num_datasets': 1, 'cycle_num': 2, 'lead_num': 1, 'overlap': 1, 'batch_size': 64, 'epochs': 500, 'lr': 5e-05, 'patience': 50, 'output_dir': '/Users/zeeshawnh/College/GuoResearch/AMS_CVD/outputs', 'subset': 0.1}
2026-02-26 09:38:08,609 [INFO] Device: mps
2026-02-26 09:40:15,201 [INFO] Data shapes: {'X_train': torch.Size([115600, 1, 514]), 'X_val': torch.Size([28901, 1, 514]), 'X_test': torch.Size([36126, 1, 514])}
2026-02-26 09:40:15,204 [INFO] Subset 10%: train=11560, val=2890, test=3612
2026-02-26 09:40:15,214 [INFO] Model: LightweightConvFcClassifier, target_length=8
2026-02-26 09:40:16,141 [INFO] Starting training: epochs=500, lr=5e-05, patience=50, device=mps
2026-02-26 09:40:16,142 [INFO] Model parameters: 396,052
2026-02-26 09:40:21,684 [INFO] Epoch 1/500 | Train Loss: 1.1171 | Train Acc: 0.5680 | Val Loss: 0.9135 | Val Acc: 0.7048
2026-02-26 09:40:21,685 [INFO]   -> Validation loss improved, saving checkpoint...
2026-02-26 09:40:25,402 [INFO] Epoch 2/500 | Train Loss: 0.8985 | Train Acc: 0.7117 | Val Loss: 0.7344 | Val Acc: 0.7913
2026-02-26 09:40:25,402 [INFO]   -> Validation loss improved, saving checkpoint...
2026-02-26 09:40:29,099 [INFO] Epoch 3/500 | Train Loss: 0.8094 | Train Acc: 0.7526 | Val Loss: 0.7210 | Val Acc: 0.7789
2026-02-26 09:40:29,099 [INFO]   -> Validation loss improved, saving checkpoint...
2026-02-26 09:40:32,893 [INFO] Epoch 4/500 | Train Loss: 0.7401 | Train Acc: 0.7764 | Val Loss: 0.7349 | Val Acc: 0.7730
2026-02-26 09:40:36,374 [INFO] Epoch 5/500 | Train Loss: 0.7003 | Train Acc: 0.7870 | Val Loss: 0.6802 | Val Acc: 0.7920
2026-02-26 09:40:36,375 [INFO]   -> Validation loss improved, saving checkpoint...
2026-02-26 09:40:40,662 [INFO] Epoch 6/500 | Train Loss: 0.6725 | Train Acc: 0.7933 | Val Loss: 0.5737 | Val Acc: 0.8187
2026-02-26 09:40:40,663 [INFO]   -> Validation loss improved, saving checkpoint...
2026-02-26 09:40:44,760 [INFO] Epoch 7/500 | Train Loss: 0.6434 | Train Acc: 0.8016 | Val Loss: 0.5054 | Val Acc: 0.8291
2026-02-26 09:40:44,761 [INFO]   -> Validation loss improved, saving checkpoint...
2026-02-26 09:40:48,438 [INFO] Epoch 8/500 | Train Loss: 0.6193 | Train Acc: 0.8087 | Val Loss: 0.5059 | Val Acc: 0.8419
2026-02-26 09:40:52,379 [INFO] Epoch 9/500 | Train Loss: 0.5934 | Train Acc: 0.8186 | Val Loss: 0.4912 | Val Acc: 0.8363
2026-02-26 09:40:52,380 [INFO]   -> Validation loss improved, saving checkpoint...
2026-02-26 09:40:55,819 [INFO] Epoch 10/500 | Train Loss: 0.5811 | Train Acc: 0.8200 | Val Loss: 0.5779 | Val Acc: 0.8221
2026-02-26 09:40:59,664 [INFO] Epoch 11/500 | Train Loss: 0.5587 | Train Acc: 0.8223 | Val Loss: 0.5759 | Val Acc: 0.7879
2026-02-26 09:41:03,227 [INFO] Epoch 12/500 | Train Loss: 0.5407 | Train Acc: 0.8282 | Val Loss: 0.5811 | Val Acc: 0.8218
2026-02-26 09:41:07,094 [INFO] Epoch 13/500 | Train Loss: 0.5275 | Train Acc: 0.8308 | Val Loss: 0.4933 | Val Acc: 0.8464
2026-02-26 09:41:11,072 [INFO] Epoch 14/500 | Train Loss: 0.5230 | Train Acc: 0.8331 | Val Loss: 0.4903 | Val Acc: 0.8491
2026-02-26 09:41:11,073 [INFO]   -> Validation loss improved, saving checkpoint...
2026-02-26 09:41:14,690 [INFO] Epoch 15/500 | Train Loss: 0.5085 | Train Acc: 0.8372 | Val Loss: 0.4408 | Val Acc: 0.8391
2026-02-26 09:41:14,690 [INFO]   -> Validation loss improved, saving checkpoint...
2026-02-26 09:41:18,255 [INFO] Epoch 16/500 | Train Loss: 0.5019 | Train Acc: 0.8394 | Val Loss: 0.4619 | Val Acc: 0.8408
2026-02-26 09:41:21,710 [INFO] Epoch 17/500 | Train Loss: 0.4924 | Train Acc: 0.8414 | Val Loss: 0.5697 | Val Acc: 0.8232
2026-02-26 09:41:25,306 [INFO] Epoch 18/500 | Train Loss: 0.4824 | Train Acc: 0.8439 | Val Loss: 0.6565 | Val Acc: 0.7349
2026-02-26 09:41:28,923 [INFO] Epoch 19/500 | Train Loss: 0.4801 | Train Acc: 0.8433 | Val Loss: 0.4500 | Val Acc: 0.8467
2026-02-26 09:41:32,467 [INFO] Epoch 20/500 | Train Loss: 0.4662 | Train Acc: 0.8477 | Val Loss: 0.4252 | Val Acc: 0.8388
2026-02-26 09:41:32,468 [INFO]   -> Validation loss improved, saving checkpoint...
2026-02-26 09:41:35,963 [INFO] Epoch 21/500 | Train Loss: 0.4575 | Train Acc: 0.8445 | Val Loss: 0.4141 | Val Acc: 0.8595
2026-02-26 09:41:35,964 [INFO]   -> Validation loss improved, saving checkpoint...
2026-02-26 09:41:39,621 [INFO] Epoch 22/500 | Train Loss: 0.4456 | Train Acc: 0.8511 | Val Loss: 0.4082 | Val Acc: 0.8543
2026-02-26 09:41:39,621 [INFO]   -> Validation loss improved, saving checkpoint...
2026-02-26 09:41:43,855 [INFO] Epoch 23/500 | Train Loss: 0.4408 | Train Acc: 0.8499 | Val Loss: 0.4358 | Val Acc: 0.8394
2026-02-26 09:41:47,517 [INFO] Epoch 24/500 | Train Loss: 0.4458 | Train Acc: 0.8508 | Val Loss: 0.5558 | Val Acc: 0.7927
2026-02-26 09:41:50,838 [INFO] Epoch 25/500 | Train Loss: 0.4316 | Train Acc: 0.8518 | Val Loss: 0.3882 | Val Acc: 0.8609
2026-02-26 09:41:50,838 [INFO]   -> Validation loss improved, saving checkpoint...
2026-02-26 09:41:54,191 [INFO] Epoch 26/500 | Train Loss: 0.4205 | Train Acc: 0.8576 | Val Loss: 0.7333 | Val Acc: 0.7156
2026-02-26 09:41:57,511 [INFO] Epoch 27/500 | Train Loss: 0.4208 | Train Acc: 0.8514 | Val Loss: 0.3749 | Val Acc: 0.8612
2026-02-26 09:41:57,512 [INFO]   -> Validation loss improved, saving checkpoint...
2026-02-26 09:42:00,903 [INFO] Epoch 28/500 | Train Loss: 0.4175 | Train Acc: 0.8559 | Val Loss: 0.3808 | Val Acc: 0.8699
2026-02-26 09:42:04,300 [INFO] Epoch 29/500 | Train Loss: 0.4087 | Train Acc: 0.8599 | Val Loss: 0.3787 | Val Acc: 0.8706
2026-02-26 09:42:07,600 [INFO] Epoch 30/500 | Train Loss: 0.4033 | Train Acc: 0.8636 | Val Loss: 0.3770 | Val Acc: 0.8574
2026-02-26 09:42:11,691 [INFO] Epoch 31/500 | Train Loss: 0.3980 | Train Acc: 0.8619 | Val Loss: 0.6386 | Val Acc: 0.7609
2026-02-26 09:42:15,162 [INFO] Epoch 32/500 | Train Loss: 0.3964 | Train Acc: 0.8631 | Val Loss: 0.3783 | Val Acc: 0.8609
2026-02-26 09:42:18,621 [INFO] Epoch 33/500 | Train Loss: 0.3926 | Train Acc: 0.8641 | Val Loss: 0.3781 | Val Acc: 0.8606
2026-02-26 09:42:22,085 [INFO] Epoch 34/500 | Train Loss: 0.3862 | Train Acc: 0.8670 | Val Loss: 0.3706 | Val Acc: 0.8644
2026-02-26 09:42:22,086 [INFO]   -> Validation loss improved, saving checkpoint...
2026-02-26 09:42:25,599 [INFO] Epoch 35/500 | Train Loss: 0.3907 | Train Acc: 0.8644 | Val Loss: 0.3764 | Val Acc: 0.8623
2026-02-26 09:42:29,021 [INFO] Epoch 36/500 | Train Loss: 0.3774 | Train Acc: 0.8696 | Val Loss: 0.3551 | Val Acc: 0.8682
2026-02-26 09:42:29,022 [INFO]   -> Validation loss improved, saving checkpoint...
2026-02-26 09:42:32,485 [INFO] Epoch 37/500 | Train Loss: 0.3768 | Train Acc: 0.8679 | Val Loss: 0.4031 | Val Acc: 0.8533
2026-02-26 09:42:35,783 [INFO] Epoch 38/500 | Train Loss: 0.3772 | Train Acc: 0.8692 | Val Loss: 0.5976 | Val Acc: 0.7803
2026-02-26 09:42:39,393 [INFO] Epoch 39/500 | Train Loss: 0.3695 | Train Acc: 0.8733 | Val Loss: 0.3560 | Val Acc: 0.8692
2026-02-26 09:42:43,511 [INFO] Epoch 40/500 | Train Loss: 0.3694 | Train Acc: 0.8717 | Val Loss: 0.4050 | Val Acc: 0.8457
2026-02-26 09:42:48,044 [INFO] Epoch 41/500 | Train Loss: 0.3651 | Train Acc: 0.8715 | Val Loss: 0.3570 | Val Acc: 0.8657
2026-02-26 09:42:52,494 [INFO] Epoch 42/500 | Train Loss: 0.3566 | Train Acc: 0.8721 | Val Loss: 0.3742 | Val Acc: 0.8619
2026-02-26 09:42:56,627 [INFO] Epoch 43/500 | Train Loss: 0.3562 | Train Acc: 0.8744 | Val Loss: 0.3579 | Val Acc: 0.8685
2026-02-26 09:43:00,329 [INFO] Epoch 44/500 | Train Loss: 0.3558 | Train Acc: 0.8744 | Val Loss: 0.4056 | Val Acc: 0.8398
2026-02-26 09:43:03,987 [INFO] Epoch 45/500 | Train Loss: 0.3493 | Train Acc: 0.8764 | Val Loss: 0.3435 | Val Acc: 0.8768
2026-02-26 09:43:03,987 [INFO]   -> Validation loss improved, saving checkpoint...
2026-02-26 09:43:07,428 [INFO] Epoch 46/500 | Train Loss: 0.3443 | Train Acc: 0.8768 | Val Loss: 0.3452 | Val Acc: 0.8813
2026-02-26 09:43:10,826 [INFO] Epoch 47/500 | Train Loss: 0.3394 | Train Acc: 0.8786 | Val Loss: 0.3869 | Val Acc: 0.8616
2026-02-26 09:43:14,271 [INFO] Epoch 48/500 | Train Loss: 0.3442 | Train Acc: 0.8750 | Val Loss: 0.4503 | Val Acc: 0.8426
2026-02-26 09:43:17,673 [INFO] Epoch 49/500 | Train Loss: 0.3320 | Train Acc: 0.8826 | Val Loss: 0.3912 | Val Acc: 0.8657
2026-02-26 09:43:21,521 [INFO] Epoch 50/500 | Train Loss: 0.3384 | Train Acc: 0.8773 | Val Loss: 0.3474 | Val Acc: 0.8702
2026-02-26 09:43:25,131 [INFO] Epoch 51/500 | Train Loss: 0.3254 | Train Acc: 0.8837 | Val Loss: 0.4021 | Val Acc: 0.8401
2026-02-26 09:43:28,545 [INFO] Epoch 52/500 | Train Loss: 0.3238 | Train Acc: 0.8837 | Val Loss: 0.3884 | Val Acc: 0.8606
2026-02-26 09:43:31,998 [INFO] Epoch 53/500 | Train Loss: 0.3254 | Train Acc: 0.8847 | Val Loss: 0.4797 | Val Acc: 0.8246
2026-02-26 09:43:35,356 [INFO] Epoch 54/500 | Train Loss: 0.3209 | Train Acc: 0.8859 | Val Loss: 0.4541 | Val Acc: 0.8401
2026-02-26 09:43:38,646 [INFO] Epoch 55/500 | Train Loss: 0.3227 | Train Acc: 0.8826 | Val Loss: 0.3879 | Val Acc: 0.8436
2026-02-26 09:43:42,657 [INFO] Epoch 56/500 | Train Loss: 0.3126 | Train Acc: 0.8878 | Val Loss: 0.3381 | Val Acc: 0.8824
2026-02-26 09:43:42,658 [INFO]   -> Validation loss improved, saving checkpoint...
2026-02-26 09:43:47,473 [INFO] Epoch 57/500 | Train Loss: 0.3104 | Train Acc: 0.8879 | Val Loss: 0.3305 | Val Acc: 0.8813
2026-02-26 09:43:47,474 [INFO]   -> Validation loss improved, saving checkpoint...
2026-02-26 09:43:52,709 [INFO] Epoch 58/500 | Train Loss: 0.3130 | Train Acc: 0.8862 | Val Loss: 0.3508 | Val Acc: 0.8775
2026-02-26 09:43:56,470 [INFO] Epoch 59/500 | Train Loss: 0.3021 | Train Acc: 0.8912 | Val Loss: 0.3869 | Val Acc: 0.8457
2026-02-26 09:44:01,165 [INFO] Epoch 60/500 | Train Loss: 0.3059 | Train Acc: 0.8890 | Val Loss: 0.3505 | Val Acc: 0.8616
2026-02-26 09:44:05,958 [INFO] Epoch 61/500 | Train Loss: 0.2946 | Train Acc: 0.8939 | Val Loss: 0.4188 | Val Acc: 0.8533
2026-02-26 09:44:09,286 [INFO] Epoch 62/500 | Train Loss: 0.3012 | Train Acc: 0.8894 | Val Loss: 0.4403 | Val Acc: 0.8612
2026-02-26 09:44:12,677 [INFO] Epoch 63/500 | Train Loss: 0.3010 | Train Acc: 0.8917 | Val Loss: 0.3650 | Val Acc: 0.8633
2026-02-26 09:44:15,811 [INFO] Epoch 64/500 | Train Loss: 0.2925 | Train Acc: 0.8941 | Val Loss: 0.3235 | Val Acc: 0.8810
2026-02-26 09:44:15,812 [INFO]   -> Validation loss improved, saving checkpoint...
2026-02-26 09:44:18,949 [INFO] Epoch 65/500 | Train Loss: 0.2970 | Train Acc: 0.8950 | Val Loss: 0.5621 | Val Acc: 0.8183
2026-02-26 09:44:20,905 [INFO] Epoch 66/500 | Train Loss: 0.2910 | Train Acc: 0.8940 | Val Loss: 0.3824 | Val Acc: 0.8446
2026-02-26 09:44:22,962 [INFO] Epoch 67/500 | Train Loss: 0.2782 | Train Acc: 0.8972 | Val Loss: 0.3435 | Val Acc: 0.8779
2026-02-26 09:44:24,954 [INFO] Epoch 68/500 | Train Loss: 0.2783 | Train Acc: 0.8974 | Val Loss: 0.4264 | Val Acc: 0.8467
2026-02-26 09:44:26,862 [INFO] Epoch 69/500 | Train Loss: 0.2788 | Train Acc: 0.8965 | Val Loss: 0.3682 | Val Acc: 0.8689
2026-02-26 09:44:28,903 [INFO] Epoch 70/500 | Train Loss: 0.2779 | Train Acc: 0.8981 | Val Loss: 0.5600 | Val Acc: 0.8066
2026-02-26 09:44:30,918 [INFO] Epoch 71/500 | Train Loss: 0.2825 | Train Acc: 0.8962 | Val Loss: 0.3572 | Val Acc: 0.8751
2026-02-26 09:44:32,832 [INFO] Epoch 72/500 | Train Loss: 0.2642 | Train Acc: 0.9022 | Val Loss: 0.4932 | Val Acc: 0.8100
2026-02-26 09:44:34,767 [INFO] Epoch 73/500 | Train Loss: 0.2759 | Train Acc: 0.9006 | Val Loss: 0.3236 | Val Acc: 0.8758
2026-02-26 09:44:36,689 [INFO] Epoch 74/500 | Train Loss: 0.2623 | Train Acc: 0.9051 | Val Loss: 0.3549 | Val Acc: 0.8713
2026-02-26 09:44:38,610 [INFO] Epoch 75/500 | Train Loss: 0.2747 | Train Acc: 0.9002 | Val Loss: 0.3817 | Val Acc: 0.8585
2026-02-26 09:44:40,568 [INFO] Epoch 76/500 | Train Loss: 0.2642 | Train Acc: 0.9042 | Val Loss: 0.4079 | Val Acc: 0.8529
2026-02-26 09:44:42,576 [INFO] Epoch 77/500 | Train Loss: 0.2613 | Train Acc: 0.9022 | Val Loss: 0.4852 | Val Acc: 0.8284
2026-02-26 09:44:44,518 [INFO] Epoch 78/500 | Train Loss: 0.2623 | Train Acc: 0.9054 | Val Loss: 0.3904 | Val Acc: 0.8647
2026-02-26 09:44:46,518 [INFO] Epoch 79/500 | Train Loss: 0.2546 | Train Acc: 0.9060 | Val Loss: 0.3676 | Val Acc: 0.8768
2026-02-26 09:44:48,450 [INFO] Epoch 80/500 | Train Loss: 0.2534 | Train Acc: 0.9080 | Val Loss: 0.3544 | Val Acc: 0.8785
2026-02-26 09:44:50,306 [INFO] Epoch 81/500 | Train Loss: 0.2604 | Train Acc: 0.9072 | Val Loss: 0.3656 | Val Acc: 0.8630
2026-02-26 09:44:52,039 [INFO] Epoch 82/500 | Train Loss: 0.2484 | Train Acc: 0.9098 | Val Loss: 0.3492 | Val Acc: 0.8765
2026-02-26 09:44:53,813 [INFO] Epoch 83/500 | Train Loss: 0.2503 | Train Acc: 0.9062 | Val Loss: 0.3347 | Val Acc: 0.8772
2026-02-26 09:44:55,582 [INFO] Epoch 84/500 | Train Loss: 0.2535 | Train Acc: 0.9079 | Val Loss: 0.4075 | Val Acc: 0.8460
2026-02-26 09:44:57,331 [INFO] Epoch 85/500 | Train Loss: 0.2409 | Train Acc: 0.9112 | Val Loss: 0.3639 | Val Acc: 0.8699
2026-02-26 09:44:59,095 [INFO] Epoch 86/500 | Train Loss: 0.2363 | Train Acc: 0.9137 | Val Loss: 0.3773 | Val Acc: 0.8571
2026-02-26 09:45:01,137 [INFO] Epoch 87/500 | Train Loss: 0.2386 | Train Acc: 0.9101 | Val Loss: 0.3408 | Val Acc: 0.8820
2026-02-26 09:45:02,927 [INFO] Epoch 88/500 | Train Loss: 0.2493 | Train Acc: 0.9100 | Val Loss: 0.3577 | Val Acc: 0.8740
2026-02-26 09:45:04,705 [INFO] Epoch 89/500 | Train Loss: 0.2380 | Train Acc: 0.9141 | Val Loss: 0.3317 | Val Acc: 0.8813
2026-02-26 09:45:06,486 [INFO] Epoch 90/500 | Train Loss: 0.2346 | Train Acc: 0.9124 | Val Loss: 0.3197 | Val Acc: 0.8875
2026-02-26 09:45:06,487 [INFO]   -> Validation loss improved, saving checkpoint...
2026-02-26 09:45:08,263 [INFO] Epoch 91/500 | Train Loss: 0.2231 | Train Acc: 0.9176 | Val Loss: 0.3321 | Val Acc: 0.8737
2026-02-26 09:45:10,158 [INFO] Epoch 92/500 | Train Loss: 0.2262 | Train Acc: 0.9169 | Val Loss: 0.3765 | Val Acc: 0.8616
2026-02-26 09:45:12,157 [INFO] Epoch 93/500 | Train Loss: 0.2364 | Train Acc: 0.9131 | Val Loss: 0.3550 | Val Acc: 0.8785
2026-02-26 09:45:14,082 [INFO] Epoch 94/500 | Train Loss: 0.2306 | Train Acc: 0.9170 | Val Loss: 0.3302 | Val Acc: 0.8834
2026-02-26 09:45:16,041 [INFO] Epoch 95/500 | Train Loss: 0.2287 | Train Acc: 0.9160 | Val Loss: 0.3380 | Val Acc: 0.8796
2026-02-26 09:45:17,934 [INFO] Epoch 96/500 | Train Loss: 0.2198 | Train Acc: 0.9208 | Val Loss: 0.3706 | Val Acc: 0.8744
2026-02-26 09:45:19,710 [INFO] Epoch 97/500 | Train Loss: 0.2214 | Train Acc: 0.9189 | Val Loss: 0.3799 | Val Acc: 0.8792
2026-02-26 09:45:21,719 [INFO] Epoch 98/500 | Train Loss: 0.2178 | Train Acc: 0.9190 | Val Loss: 0.3897 | Val Acc: 0.8664
2026-02-26 09:45:23,514 [INFO] Epoch 99/500 | Train Loss: 0.2229 | Train Acc: 0.9183 | Val Loss: 0.3424 | Val Acc: 0.8810
2026-02-26 09:45:25,364 [INFO] Epoch 100/500 | Train Loss: 0.2150 | Train Acc: 0.9197 | Val Loss: 0.4276 | Val Acc: 0.8367
2026-02-26 09:45:27,148 [INFO] Epoch 101/500 | Train Loss: 0.2069 | Train Acc: 0.9255 | Val Loss: 0.3923 | Val Acc: 0.8668
2026-02-26 09:45:28,895 [INFO] Epoch 102/500 | Train Loss: 0.2098 | Train Acc: 0.9231 | Val Loss: 0.3594 | Val Acc: 0.8765
2026-02-26 09:45:30,674 [INFO] Epoch 103/500 | Train Loss: 0.2129 | Train Acc: 0.9215 | Val Loss: 0.4537 | Val Acc: 0.8446
2026-02-26 09:45:32,428 [INFO] Epoch 104/500 | Train Loss: 0.2079 | Train Acc: 0.9244 | Val Loss: 0.3876 | Val Acc: 0.8737
2026-02-26 09:45:34,309 [INFO] Epoch 105/500 | Train Loss: 0.2147 | Train Acc: 0.9199 | Val Loss: 0.4145 | Val Acc: 0.8581
2026-02-26 09:45:36,181 [INFO] Epoch 106/500 | Train Loss: 0.2072 | Train Acc: 0.9230 | Val Loss: 0.3708 | Val Acc: 0.8644
2026-02-26 09:45:37,979 [INFO] Epoch 107/500 | Train Loss: 0.2136 | Train Acc: 0.9201 | Val Loss: 0.3968 | Val Acc: 0.8533
2026-02-26 09:45:39,755 [INFO] Epoch 108/500 | Train Loss: 0.2040 | Train Acc: 0.9249 | Val Loss: 0.4871 | Val Acc: 0.8156
2026-02-26 09:45:41,552 [INFO] Epoch 109/500 | Train Loss: 0.1919 | Train Acc: 0.9320 | Val Loss: 0.3766 | Val Acc: 0.8699
2026-02-26 09:45:43,455 [INFO] Epoch 110/500 | Train Loss: 0.2027 | Train Acc: 0.9253 | Val Loss: 0.3413 | Val Acc: 0.8824
2026-02-26 09:45:45,206 [INFO] Epoch 111/500 | Train Loss: 0.2004 | Train Acc: 0.9253 | Val Loss: 0.3741 | Val Acc: 0.8747
2026-02-26 09:45:46,970 [INFO] Epoch 112/500 | Train Loss: 0.1972 | Train Acc: 0.9278 | Val Loss: 0.4656 | Val Acc: 0.8633
2026-02-26 09:45:48,775 [INFO] Epoch 113/500 | Train Loss: 0.1910 | Train Acc: 0.9267 | Val Loss: 0.3459 | Val Acc: 0.8865
2026-02-26 09:45:50,561 [INFO] Epoch 114/500 | Train Loss: 0.1861 | Train Acc: 0.9311 | Val Loss: 0.3985 | Val Acc: 0.8657
2026-02-26 09:45:52,347 [INFO] Epoch 115/500 | Train Loss: 0.1980 | Train Acc: 0.9259 | Val Loss: 0.4447 | Val Acc: 0.8571
2026-02-26 09:45:54,136 [INFO] Epoch 116/500 | Train Loss: 0.1907 | Train Acc: 0.9271 | Val Loss: 0.3899 | Val Acc: 0.8685
2026-02-26 09:45:55,939 [INFO] Epoch 117/500 | Train Loss: 0.1949 | Train Acc: 0.9291 | Val Loss: 0.4168 | Val Acc: 0.8671
2026-02-26 09:45:57,669 [INFO] Epoch 118/500 | Train Loss: 0.1904 | Train Acc: 0.9304 | Val Loss: 0.3537 | Val Acc: 0.8830
2026-02-26 09:45:59,411 [INFO] Epoch 119/500 | Train Loss: 0.1860 | Train Acc: 0.9312 | Val Loss: 0.3539 | Val Acc: 0.8792
2026-02-26 09:46:01,160 [INFO] Epoch 120/500 | Train Loss: 0.1843 | Train Acc: 0.9330 | Val Loss: 0.3824 | Val Acc: 0.8779
2026-02-26 09:46:02,924 [INFO] Epoch 121/500 | Train Loss: 0.1831 | Train Acc: 0.9329 | Val Loss: 0.3416 | Val Acc: 0.8858
2026-02-26 09:46:04,682 [INFO] Epoch 122/500 | Train Loss: 0.1796 | Train Acc: 0.9322 | Val Loss: 0.3706 | Val Acc: 0.8768
2026-02-26 09:46:06,456 [INFO] Epoch 123/500 | Train Loss: 0.1764 | Train Acc: 0.9371 | Val Loss: 0.3999 | Val Acc: 0.8768
2026-02-26 09:46:08,201 [INFO] Epoch 124/500 | Train Loss: 0.1878 | Train Acc: 0.9291 | Val Loss: 0.4275 | Val Acc: 0.8564
2026-02-26 09:46:09,929 [INFO] Epoch 125/500 | Train Loss: 0.1785 | Train Acc: 0.9330 | Val Loss: 0.3829 | Val Acc: 0.8675
2026-02-26 09:46:11,705 [INFO] Epoch 126/500 | Train Loss: 0.1832 | Train Acc: 0.9304 | Val Loss: 0.3715 | Val Acc: 0.8692
2026-02-26 09:46:13,468 [INFO] Epoch 127/500 | Train Loss: 0.1847 | Train Acc: 0.9336 | Val Loss: 0.3690 | Val Acc: 0.8713
2026-02-26 09:46:15,207 [INFO] Epoch 128/500 | Train Loss: 0.1710 | Train Acc: 0.9371 | Val Loss: 0.3583 | Val Acc: 0.8810
2026-02-26 09:46:16,973 [INFO] Epoch 129/500 | Train Loss: 0.1728 | Train Acc: 0.9352 | Val Loss: 0.4351 | Val Acc: 0.8439
2026-02-26 09:46:18,731 [INFO] Epoch 130/500 | Train Loss: 0.1756 | Train Acc: 0.9359 | Val Loss: 0.3546 | Val Acc: 0.8747
2026-02-26 09:46:20,476 [INFO] Epoch 131/500 | Train Loss: 0.1662 | Train Acc: 0.9416 | Val Loss: 0.3795 | Val Acc: 0.8723
2026-02-26 09:46:22,228 [INFO] Epoch 132/500 | Train Loss: 0.1794 | Train Acc: 0.9316 | Val Loss: 0.3539 | Val Acc: 0.8820
2026-02-26 09:46:23,986 [INFO] Epoch 133/500 | Train Loss: 0.1695 | Train Acc: 0.9363 | Val Loss: 0.3466 | Val Acc: 0.8792
2026-02-26 09:46:25,774 [INFO] Epoch 134/500 | Train Loss: 0.1680 | Train Acc: 0.9394 | Val Loss: 0.3944 | Val Acc: 0.8668
2026-02-26 09:46:27,557 [INFO] Epoch 135/500 | Train Loss: 0.1601 | Train Acc: 0.9411 | Val Loss: 0.3631 | Val Acc: 0.8747
2026-02-26 09:46:29,310 [INFO] Epoch 136/500 | Train Loss: 0.1611 | Train Acc: 0.9410 | Val Loss: 0.4370 | Val Acc: 0.8526
2026-02-26 09:46:31,061 [INFO] Epoch 137/500 | Train Loss: 0.1645 | Train Acc: 0.9394 | Val Loss: 0.4226 | Val Acc: 0.8647
2026-02-26 09:46:32,843 [INFO] Epoch 138/500 | Train Loss: 0.1571 | Train Acc: 0.9416 | Val Loss: 0.6315 | Val Acc: 0.8062
2026-02-26 09:46:34,590 [INFO] Epoch 139/500 | Train Loss: 0.1640 | Train Acc: 0.9418 | Val Loss: 0.4651 | Val Acc: 0.8509
2026-02-26 09:46:36,349 [INFO] Epoch 140/500 | Train Loss: 0.1593 | Train Acc: 0.9404 | Val Loss: 0.3866 | Val Acc: 0.8765
2026-02-26 09:46:36,349 [INFO]   -> Early stopping triggered after 140 epochs.
2026-02-26 09:46:36,349 [INFO] Training completed in 380.2s (6.3min)
2026-02-26 09:46:36,631 [INFO] Test Loss: 0.4028 | Test Accuracy: 0.8726
2026-02-26 09:46:36,631 [INFO] Final Test Loss: 0.4028, Test Accuracy: 0.8726
